[0m[[0minfo[0m] [0mRunning team.RunTeamBuilder [0m
[0m[[0mdebug[0m] [0mWaiting for threads to exit or System.exit to be called.[0m
[0m[[0mdebug[0m] [0mWaiting for thread run-main-1 to terminate.[0m
[0m[[0mdebug[0m] [0m  Classpath:[0m
[0m[[0mdebug[0m] [0m	D:\workspace\TeamBuilding\target\scala-2.12\classes[0m
[0m[[0mdebug[0m] [0m	C:\Users\Victor\.ivy2\cache\org.scala-lang\scala-library\jars\scala-library-2.12.2.jar[0m
[0m[[31merror[0m] [0m(run-main-1) java.lang.ArrayIndexOutOfBoundsException: 50[0m
java.lang.ArrayIndexOutOfBoundsException: 50
	at team.TeamBuilder.trace$1(TeamBuilder.scala:47)
	at team.TeamBuilder.$anonfun$specialLocations$1(TeamBuilder.scala:92)
	at scala.collection.immutable.Range.foreach$mVc$sp(Range.scala:156)
	at team.TeamBuilder.reachable$1(TeamBuilder.scala:88)
	at team.TeamBuilder.specialLocations(TeamBuilder.scala:101)
	at team.RunTeamBuilder$.delayedEndpoint$team$RunTeamBuilder$1(RunTeamBuilder.scala:5)
	at team.RunTeamBuilder$delayedInit$body.apply(RunTeamBuilder.scala:3)
	at scala.Function0.apply$mcV$sp(Function0.scala:34)
	at scala.Function0.apply$mcV$sp$(Function0.scala:34)
	at scala.runtime.AbstractFunction0.apply$mcV$sp(AbstractFunction0.scala:12)
	at scala.App.$anonfun$main$1$adapted(App.scala:76)
	at scala.collection.immutable.List.foreach(List.scala:389)
	at scala.App.main(App.scala:76)
	at scala.App.main$(App.scala:74)
	at team.RunTeamBuilder$.main(RunTeamBuilder.scala:3)
	at team.RunTeamBuilder.main(RunTeamBuilder.scala)
	at sun.reflect.NativeMethodAccessorImpl.invoke0(Native Method)
	at sun.reflect.NativeMethodAccessorImpl.invoke(NativeMethodAccessorImpl.java:62)
	at sun.reflect.DelegatingMethodAccessorImpl.invoke(DelegatingMethodAccessorImpl.java:43)
	at java.lang.reflect.Method.invoke(Method.java:498)
	at sbt.Run.invokeMain(Run.scala:67)
	at sbt.Run.run0(Run.scala:61)
	at sbt.Run.sbt$Run$$execute$1(Run.scala:51)
	at sbt.Run$$anonfun$run$1.apply$mcV$sp(Run.scala:55)
	at sbt.Run$$anonfun$run$1.apply(Run.scala:55)
	at sbt.Run$$anonfun$run$1.apply(Run.scala:55)
	at sbt.Logger$$anon$4.apply(Logger.scala:84)
	at sbt.TrapExit$App.run(TrapExit.scala:248)
	at java.lang.Thread.run(Thread.java:748)
[0m[[0mdebug[0m] [0m	Thread run-main-1 exited.[0m
[0m[[0mdebug[0m] [0mInterrupting remaining threads (should be all daemons).[0m
[0m[[0mdebug[0m] [0mSandboxed run complete..[0m
java.lang.RuntimeException: Nonzero exit code: 1
	at scala.sys.package$.error(package.scala:27)
	at sbt.BuildCommon$$anonfun$toError$1.apply(Defaults.scala:2135)
	at sbt.BuildCommon$$anonfun$toError$1.apply(Defaults.scala:2135)
	at scala.Option.foreach(Option.scala:236)
	at sbt.BuildCommon$class.toError(Defaults.scala:2135)
	at sbt.Defaults$.toError(Defaults.scala:39)
	at sbt.Defaults$$anonfun$runTask$1$$anonfun$apply$46$$anonfun$apply$47.apply(Defaults.scala:776)
	at sbt.Defaults$$anonfun$runTask$1$$anonfun$apply$46$$anonfun$apply$47.apply(Defaults.scala:774)
	at scala.Function1$$anonfun$compose$1.apply(Function1.scala:47)
	at sbt.$tilde$greater$$anonfun$$u2219$1.apply(TypeFunctions.scala:40)
	at sbt.std.Transform$$anon$4.work(System.scala:63)
	at sbt.Execute$$anonfun$submit$1$$anonfun$apply$1.apply(Execute.scala:228)
	at sbt.Execute$$anonfun$submit$1$$anonfun$apply$1.apply(Execute.scala:228)
	at sbt.ErrorHandling$.wideConvert(ErrorHandling.scala:17)
	at sbt.Execute.work(Execute.scala:237)
	at sbt.Execute$$anonfun$submit$1.apply(Execute.scala:228)
	at sbt.Execute$$anonfun$submit$1.apply(Execute.scala:228)
	at sbt.ConcurrentRestrictions$$anon$4$$anonfun$1.apply(ConcurrentRestrictions.scala:159)
	at sbt.CompletionService$$anon$2.call(CompletionService.scala:28)
	at java.util.concurrent.FutureTask.run(FutureTask.java:266)
	at java.util.concurrent.Executors$RunnableAdapter.call(Executors.java:511)
	at java.util.concurrent.FutureTask.run(FutureTask.java:266)
	at java.util.concurrent.ThreadPoolExecutor.runWorker(ThreadPoolExecutor.java:1149)
	at java.util.concurrent.ThreadPoolExecutor$Worker.run(ThreadPoolExecutor.java:624)
	at java.lang.Thread.run(Thread.java:748)
[0m[[31merror[0m] [0m(compile:[31mrun[0m) Nonzero exit code: 1[0m
